#
# There is insufficient memory for the Java Runtime Environment to continue.
# Native memory allocation (malloc) failed to allocate 32744 bytes for ChunkPool::allocate
# Possible reasons:
#   The system is out of physical RAM or swap space
#   The process is running with CompressedOops enabled, and the Java Heap may be blocking the growth of the native heap
# Possible solutions:
#   Reduce memory load on the system
#   Increase physical memory or swap space
#   Check if swap backing store is full
#   Decrease Java heap size (-Xmx/-Xms)
#   Decrease number of Java threads
#   Decrease Java thread stack sizes (-Xss)
#   Set larger code cache with -XX:ReservedCodeCacheSize=
#   JVM is running with Unscaled Compressed Oops mode in which the Java heap is
#     placed in the first 4GB address space. The Java Heap base address is the
#     maximum limit for the native heap growth. Please use -XX:HeapBaseMinAddress
#     to set the Java Heap base and to place the Java Heap above 4GB virtual address.
# This output file may be truncated or incomplete.
#
#  Out of Memory Error (allocation.cpp:272), pid=5744, tid=0x0000000000001e88
#
# JRE version: Java(TM) SE Runtime Environment (8.0_251-b08) (build 1.8.0_251-b08)
# Java VM: Java HotSpot(TM) 64-Bit Server VM (25.251-b08 mixed mode windows-amd64 compressed oops)
# Failed to write core dump. Minidumps are not enabled by default on client versions of Windows
#

---------------  T H R E A D  ---------------

Current thread (0x0000000014b7d000):  JavaThread "C2 CompilerThread0" daemon [_thread_in_native, id=7816, stack(0x0000000016480000,0x0000000016580000)]

Stack: [0x0000000016480000,0x0000000016580000]
[error occurred during error reporting (printing stack bounds), id 0xc0000005]

Native frames: (J=compiled Java code, j=interpreted, Vv=VM code, C=native code)


Current CompileTask:
C2: 396097 4965       4       java.util.AbstractCollection::toArray (147 bytes)


---------------  P R O C E S S  ---------------

Java Threads: ( => current thread )
  0x000000001d360800 JavaThread "Cache worker for cache directory md-supplier (C:\Users\kints\.gradle\caches\6.1.1\md-supplier)" [_thread_in_vm, id=1936, stack(0x0000000019f00000,0x000000001a000000)]
  0x000000001d367800 JavaThread "Cache worker for file hash cache (D:\NoteblockManager\.gradle\6.1.1\fileHashes)" [_thread_blocked, id=10224, stack(0x0000000019e00000,0x0000000019f00000)]
  0x000000001d35f800 JavaThread "Cache worker for checksums cache (D:\NoteblockManager\.gradle\checksums)" [_thread_blocked, id=5812, stack(0x0000000019d00000,0x0000000019e00000)]
  0x000000001d366800 JavaThread "Thread-38" [_thread_blocked, id=11932, stack(0x0000000019c00000,0x0000000019d00000)]
  0x000000001d364000 JavaThread "Stdin handler" [_thread_blocked, id=7836, stack(0x0000000019b00000,0x0000000019c00000)]
  0x000000001d363800 JavaThread "Asynchronous log dispatcher for DefaultDaemonConnection: socket connection from /127.0.0.1:11013 to /127.0.0.1:11215" [_thread_blocked, id=584, stack(0x0000000019800000,0x0000000019900000)]
  0x000000001d365800 JavaThread "Daemon worker Thread 2" [_thread_blocked, id=7472, stack(0x0000000019700000,0x0000000019800000)]
  0x000000001d362000 JavaThread "Cancel handler" [_thread_blocked, id=8100, stack(0x0000000001750000,0x0000000001850000)]
  0x000000001d35e000 JavaThread "Handler for socket connection from /127.0.0.1:11013 to /127.0.0.1:11215" [_thread_in_native, id=6976, stack(0x0000000001630000,0x0000000001730000)]
  0x000000001d35f000 JavaThread "Daemon Thread 2" [_thread_blocked, id=6608, stack(0x0000000001530000,0x0000000001630000)]
  0x000000001d368000 JavaThread "Cache worker for Java compile cache (C:\Users\kints\.gradle\caches\6.1.1\javaCompile)" [_thread_blocked, id=12984, stack(0x0000000020e20000,0x0000000020f20000)]
  0x000000001d365000 JavaThread "Cache worker for file content cache (C:\Users\kints\.gradle\caches\6.1.1\fileContent)" [_thread_blocked, id=2448, stack(0x000000001ff80000,0x0000000020080000)]
  0x000000001d362800 JavaThread "Memory manager" [_thread_blocked, id=7776, stack(0x000000001e9e0000,0x000000001eae0000)]
  0x00000000185c8000 JavaThread "Cache worker for execution history cache (C:\Users\kints\.gradle\caches\6.1.1\executionHistory)" [_thread_blocked, id=1396, stack(0x000000001dfe0000,0x000000001e0e0000)]
  0x00000000185c3800 JavaThread "Cache worker for file hash cache (C:\Users\kints\.gradle\caches\6.1.1\fileHashes)" [_thread_blocked, id=14076, stack(0x000000001a400000,0x000000001a500000)]
  0x00000000185c5800 JavaThread "File lock request listener" [_thread_in_native, id=2796, stack(0x000000001a300000,0x000000001a400000)]
  0x00000000185c5000 JavaThread "Cache worker for journal cache (C:\Users\kints\.gradle\caches\journal-1)" [_thread_blocked, id=10944, stack(0x000000001a200000,0x000000001a300000)]
  0x00000000184e8800 JavaThread "Daemon periodic checks" [_thread_blocked, id=1392, stack(0x0000000019600000,0x0000000019700000)]
  0x00000000184da000 JavaThread "Incoming local TCP Connector on port 11013" [_thread_in_native, id=6832, stack(0x0000000019420000,0x0000000019520000)]
  0x00000000183f1000 JavaThread "Daemon health stats" [_thread_blocked, id=11080, stack(0x0000000019120000,0x0000000019220000)]
  0x0000000015f0f000 JavaThread "Service Thread" daemon [_thread_blocked, id=8216, stack(0x0000000016780000,0x0000000016880000)]
  0x0000000015e8d000 JavaThread "C1 CompilerThread2" daemon [_thread_blocked, id=14940, stack(0x0000000016680000,0x0000000016780000)]
  0x0000000015e8a000 JavaThread "C2 CompilerThread1" daemon [_thread_blocked, id=13152, stack(0x0000000016580000,0x0000000016680000)]
=>0x0000000014b7d000 JavaThread "C2 CompilerThread0" daemon [_thread_in_native, id=7816, stack(0x0000000016480000,0x0000000016580000)]
  0x0000000014b30000 JavaThread "Attach Listener" daemon [_thread_blocked, id=13892, stack(0x0000000016380000,0x0000000016480000)]
  0x0000000014b2f000 JavaThread "Signal Dispatcher" daemon [_thread_blocked, id=12324, stack(0x0000000016280000,0x0000000016380000)]
  0x00000000036fc800 JavaThread "Finalizer" daemon [_thread_blocked, id=9820, stack(0x0000000015d80000,0x0000000015e80000)]
  0x0000000014b0a000 JavaThread "Reference Handler" daemon [_thread_blocked, id=1456, stack(0x0000000015c80000,0x0000000015d80000)]
  0x000000000311e000 JavaThread "main" [_thread_blocked, id=9616, stack(0x0000000003500000,0x0000000003600000)]

Other Threads:
  0x0000000014ae7000 VMThread [stack: 0x0000000015b80000,0x0000000015c80000] [id=6556]
  0x0000000015f2f800 WatcherThread [stack: 0x0000000016880000,0x0000000016980000] [id=14004]

VM state:synchronizing (normal execution)

VM Mutex/Monitor currently owned by a thread:  ([mutex/lock_event])
[0x000000000311c9b0] Threads_lock - owner thread: 0x0000000014ae7000

heap address: 0x00000000e0000000, size: 512 MB, Compressed Oops mode: 32-bit
Narrow klass base: 0x0000000000000000, Narrow klass shift: 3
Compressed class space size: 1073741824 Address: 0x0000000100000000

Heap:
 PSYoungGen      total 161280K, used 94244K [0x00000000f5580000, 0x0000000100000000, 0x0000000100000000)
  eden space 148992K, 55% used [0x00000000f5580000,0x00000000fa6bffd8,0x00000000fe700000)
  from space 12288K, 89% used [0x00000000ff380000,0x00000000ffe492c8,0x00000000fff80000)
  to   space 12800K, 0% used [0x00000000fe700000,0x00000000fe700000,0x00000000ff380000)
 ParOldGen       total 175104K, used 15794K [0x00000000e0000000, 0x00000000eab00000, 0x00000000f5580000)
  object space 175104K, 9% used [0x00000000e0000000,0x00000000e0f6ca50,0x00000000eab00000)
 Metaspace       used 48084K, capacity 49798K, committed 50048K, reserved 1091584K
  class space    used 6831K, capacity 7227K, committed 7296K, reserved 1048576K

Card table byte_map: [0x0000000012ac0000,0x0000000012bd0000] byte_map_base: 0x00000000123c0000

Marking Bits: (ParMarkBitMap*) 0x000000007454af90
 Begin Bits: [0x0000000013080000, 0x0000000013880000)
 End Bits:   [0x0000000013880000, 0x0000000014080000)

Polling page: 0x0000000003080000

CodeCache: size=245760Kb used=15090Kb max_used=15282Kb free=230669Kb
 bounds [0x0000000003700000, 0x0000000004600000, 0x0000000012700000]
 total_blobs=5060 nmethods=4305 adapters=666
 compilation: enabled

Compilation events (10 events):
Event: 396.082 Thread 0x0000000015e8d000 nmethod 4960 0x0000000003858610 code [0x0000000003858800, 0x0000000003859108]
Event: 396.084 Thread 0x0000000014b7d000 4961       4       com.google.common.collect.ImmutableSet::copyOf (42 bytes)
Event: 396.086 Thread 0x0000000014b7d000 nmethod 4961 0x0000000004457cd0 code [0x0000000004457e40, 0x0000000004457fe8]
Event: 396.087 Thread 0x0000000015e8d000 4962       3       org.gradle.internal.operations.logging.LoggingBuildOperationProgressBroadcaster::onOutput (105 bytes)
Event: 396.087 Thread 0x0000000015e8d000 nmethod 4962 0x0000000003e23dd0 code [0x0000000003e23fe0, 0x0000000003e25098]
Event: 396.087 Thread 0x0000000015e8d000 4963       3       com.google.common.collect.AbstractListMultimap::put (7 bytes)
Event: 396.087 Thread 0x0000000015e8d000 nmethod 4963 0x0000000004457950 code [0x0000000004457ac0, 0x0000000004457c48]
Event: 396.088 Thread 0x0000000015e8d000 4964       3       org.gradle.internal.service.DefaultServiceRegistry::isSatisfiedBy (61 bytes)
Event: 396.089 Thread 0x0000000015e8d000 nmethod 4964 0x000000000390f4d0 code [0x000000000390f6a0, 0x0000000003910178]
Event: 396.090 Thread 0x0000000014b7d000 4965       4       java.util.AbstractCollection::toArray (147 bytes)

GC Heap History (10 events):
Event: 4.007 GC heap before
{Heap before GC invocations=6 (full 1):
 PSYoungGen      total 76288K, used 65426K [0x00000000f5580000, 0x00000000fea80000, 0x0000000100000000)
  eden space 65536K, 99% used [0x00000000f5580000,0x00000000f9564960,0x00000000f9580000)
  from space 10752K, 0% used [0x00000000fa000000,0x00000000fa000000,0x00000000faa80000)
  to   space 10752K, 0% used [0x00000000f9580000,0x00000000f9580000,0x00000000fa000000)
 ParOldGen       total 175104K, used 6938K [0x00000000e0000000, 0x00000000eab00000, 0x00000000f5580000)
  object space 175104K, 3% used [0x00000000e0000000,0x00000000e06c6a20,0x00000000eab00000)
 Metaspace       used 28050K, capacity 28692K, committed 29056K, reserved 1075200K
  class space    used 3952K, capacity 4136K, committed 4224K, reserved 1048576K
Event: 4.013 GC heap after
Heap after GC invocations=6 (full 1):
 PSYoungGen      total 76288K, used 9374K [0x00000000f5580000, 0x00000000fe500000, 0x0000000100000000)
  eden space 65536K, 0% used [0x00000000f5580000,0x00000000f5580000,0x00000000f9580000)
  from space 10752K, 87% used [0x00000000f9580000,0x00000000f9ea7960,0x00000000fa000000)
  to   space 12800K, 0% used [0x00000000fd880000,0x00000000fd880000,0x00000000fe500000)
 ParOldGen       total 175104K, used 6946K [0x00000000e0000000, 0x00000000eab00000, 0x00000000f5580000)
  object space 175104K, 3% used [0x00000000e0000000,0x00000000e06c8a20,0x00000000eab00000)
 Metaspace       used 28050K, capacity 28692K, committed 29056K, reserved 1075200K
  class space    used 3952K, capacity 4136K, committed 4224K, reserved 1048576K
}
Event: 4.588 GC heap before
{Heap before GC invocations=7 (full 1):
 PSYoungGen      total 76288K, used 74910K [0x00000000f5580000, 0x00000000fe500000, 0x0000000100000000)
  eden space 65536K, 100% used [0x00000000f5580000,0x00000000f9580000,0x00000000f9580000)
  from space 10752K, 87% used [0x00000000f9580000,0x00000000f9ea7960,0x00000000fa000000)
  to   space 12800K, 0% used [0x00000000fd880000,0x00000000fd880000,0x00000000fe500000)
 ParOldGen       total 175104K, used 6946K [0x00000000e0000000, 0x00000000eab00000, 0x00000000f5580000)
  object space 175104K, 3% used [0x00000000e0000000,0x00000000e06c8a20,0x00000000eab00000)
 Metaspace       used 32771K, capacity 33464K, committed 33536K, reserved 1077248K
  class space    used 4594K, capacity 4809K, committed 4864K, reserved 1048576K
Event: 4.615 GC heap after
Heap after GC invocations=7 (full 1):
 PSYoungGen      total 133120K, used 9382K [0x00000000f5580000, 0x00000000fe480000, 0x0000000100000000)
  eden space 120832K, 0% used [0x00000000f5580000,0x00000000f5580000,0x00000000fcb80000)
  from space 12288K, 76% used [0x00000000fd880000,0x00000000fe1a98e8,0x00000000fe480000)
  to   space 12800K, 0% used [0x00000000fcb80000,0x00000000fcb80000,0x00000000fd800000)
 ParOldGen       total 175104K, used 6946K [0x00000000e0000000, 0x00000000eab00000, 0x00000000f5580000)
  object space 175104K, 3% used [0x00000000e0000000,0x00000000e06c8a20,0x00000000eab00000)
 Metaspace       used 32771K, capacity 33464K, committed 33536K, reserved 1077248K
  class space    used 4594K, capacity 4809K, committed 4864K, reserved 1048576K
}
Event: 5.206 GC heap before
{Heap before GC invocations=8 (full 1):
 PSYoungGen      total 133120K, used 52863K [0x00000000f5580000, 0x00000000fe480000, 0x0000000100000000)
  eden space 120832K, 35% used [0x00000000f5580000,0x00000000f7ff6428,0x00000000fcb80000)
  from space 12288K, 76% used [0x00000000fd880000,0x00000000fe1a98e8,0x00000000fe480000)
  to   space 12800K, 0% used [0x00000000fcb80000,0x00000000fcb80000,0x00000000fd800000)
 ParOldGen       total 175104K, used 6946K [0x00000000e0000000, 0x00000000eab00000, 0x00000000f5580000)
  object space 175104K, 3% used [0x00000000e0000000,0x00000000e06c8a20,0x00000000eab00000)
 Metaspace       used 34550K, capacity 35386K, committed 35496K, reserved 1079296K
  class space    used 4918K, capacity 5140K, committed 5248K, reserved 1048576K
Event: 5.220 GC heap after
Heap after GC invocations=8 (full 1):
 PSYoungGen      total 133632K, used 9171K [0x00000000f5580000, 0x00000000fff80000, 0x0000000100000000)
  eden space 120832K, 0% used [0x00000000f5580000,0x00000000f5580000,0x00000000fcb80000)
  from space 12800K, 71% used [0x00000000fcb80000,0x00000000fd474ce0,0x00000000fd800000)
  to   space 12288K, 0% used [0x00000000ff380000,0x00000000ff380000,0x00000000fff80000)
 ParOldGen       total 175104K, used 6954K [0x00000000e0000000, 0x00000000eab00000, 0x00000000f5580000)
  object space 175104K, 3% used [0x00000000e0000000,0x00000000e06caa20,0x00000000eab00000)
 Metaspace       used 34550K, capacity 35386K, committed 35496K, reserved 1079296K
  class space    used 4918K, capacity 5140K, committed 5248K, reserved 1048576K
}
Event: 5.220 GC heap before
{Heap before GC invocations=9 (full 2):
 PSYoungGen      total 133632K, used 9171K [0x00000000f5580000, 0x00000000fff80000, 0x0000000100000000)
  eden space 120832K, 0% used [0x00000000f5580000,0x00000000f5580000,0x00000000fcb80000)
  from space 12800K, 71% used [0x00000000fcb80000,0x00000000fd474ce0,0x00000000fd800000)
  to   space 12288K, 0% used [0x00000000ff380000,0x00000000ff380000,0x00000000fff80000)
 ParOldGen       total 175104K, used 6954K [0x00000000e0000000, 0x00000000eab00000, 0x00000000f5580000)
  object space 175104K, 3% used [0x00000000e0000000,0x00000000e06caa20,0x00000000eab00000)
 Metaspace       used 34550K, capacity 35386K, committed 35496K, reserved 1079296K
  class space    used 4918K, capacity 5140K, committed 5248K, reserved 1048576K
Event: 5.294 GC heap after
Heap after GC invocations=9 (full 2):
 PSYoungGen      total 133632K, used 0K [0x00000000f5580000, 0x00000000fff80000, 0x0000000100000000)
  eden space 120832K, 0% used [0x00000000f5580000,0x00000000f5580000,0x00000000fcb80000)
  from space 12800K, 0% used [0x00000000fcb80000,0x00000000fcb80000,0x00000000fd800000)
  to   space 12288K, 0% used [0x00000000ff380000,0x00000000ff380000,0x00000000fff80000)
 ParOldGen       total 175104K, used 15794K [0x00000000e0000000, 0x00000000eab00000, 0x00000000f5580000)
  object space 175104K, 9% used [0x00000000e0000000,0x00000000e0f6ca50,0x00000000eab00000)
 Metaspace       used 34550K, capacity 35386K, committed 35496K, reserved 1079296K
  class space    used 4918K, capacity 5140K, committed 5248K, reserved 1048576K
}
Event: 6.306 GC heap before
{Heap before GC invocations=10 (full 2):
 PSYoungGen      total 133632K, used 120832K [0x00000000f5580000, 0x00000000fff80000, 0x0000000100000000)
  eden space 120832K, 100% used [0x00000000f5580000,0x00000000fcb80000,0x00000000fcb80000)
  from space 12800K, 0% used [0x00000000fcb80000,0x00000000fcb80000,0x00000000fd800000)
  to   space 12288K, 0% used [0x00000000ff380000,0x00000000ff380000,0x00000000fff80000)
 ParOldGen       total 175104K, used 15794K [0x00000000e0000000, 0x00000000eab00000, 0x00000000f5580000)
  object space 175104K, 9% used [0x00000000e0000000,0x00000000e0f6ca50,0x00000000eab00000)
 Metaspace       used 41342K, capacity 42944K, committed 43008K, reserved 1085440K
  class space    used 6048K, capacity 6384K, committed 6400K, reserved 1048576K
Event: 6.319 GC heap after
Heap after GC invocations=10 (full 2):
 PSYoungGen      total 161280K, used 11044K [0x00000000f5580000, 0x0000000100000000, 0x0000000100000000)
  eden space 148992K, 0% used [0x00000000f5580000,0x00000000f5580000,0x00000000fe700000)
  from space 12288K, 89% used [0x00000000ff380000,0x00000000ffe492c8,0x00000000fff80000)
  to   space 12800K, 0% used [0x00000000fe700000,0x00000000fe700000,0x00000000ff380000)
 ParOldGen       total 175104K, used 15794K [0x00000000e0000000, 0x00000000eab00000, 0x00000000f5580000)
  object space 175104K, 9% used [0x00000000e0000000,0x00000000e0f6ca50,0x00000000eab00000)
 Metaspace       used 41342K, capacity 42944K, committed 43008K, reserved 1085440K
  class space    used 6048K, capacity 6384K, committed 6400K, reserved 1048576K
}

Deoptimization events (10 events):
Event: 7.041 Thread 0x0000000018594800 Uncommon trap: reason=unstable_if action=reinterpret pc=0x0000000004457be4 method=com.sun.tools.javac.code.Scope.enter(Lcom/sun/tools/javac/code/Symbol;Lcom/sun/tools/javac/code/Scope;Lcom/sun/tools/javac/code/Scope;Z)V @ 116
Event: 7.067 Thread 0x0000000018594800 Uncommon trap: reason=unstable_if action=reinterpret pc=0x00000000043d3c04 method=org.codehaus.groovy.runtime.metaclass.MetaMethodIndex.addMethodToList(Ljava/lang/Object;Lgroovy/lang/MetaMethod;)Ljava/lang/Object; @ 256
Event: 7.067 Thread 0x0000000018594800 Uncommon trap: reason=unstable_if action=reinterpret pc=0x00000000043c2c88 method=org.codehaus.groovy.runtime.metaclass.MetaMethodIndex.addMethodToList(Ljava/lang/Object;Lgroovy/lang/MetaMethod;)Ljava/lang/Object; @ 256
Event: 7.159 Thread 0x000000001d35f000 Uncommon trap: reason=unstable_if action=reinterpret pc=0x0000000003b0d470 method=java.lang.String.regionMatches(ZILjava/lang/String;II)Z @ 123
Event: 7.161 Thread 0x000000001d35f000 Uncommon trap: reason=unstable_if action=reinterpret pc=0x0000000003dbd7f8 method=java.lang.String.regionMatches(ZILjava/lang/String;II)Z @ 123
Event: 7.408 Thread 0x000000001d35e000 Uncommon trap: reason=class_check action=maybe_recompile pc=0x00000000044a9ed8 method=java.util.concurrent.locks.ReentrantLock.lock()V @ 4
Event: 7.411 Thread 0x000000001d364000 Uncommon trap: reason=class_check action=maybe_recompile pc=0x00000000044a9ed8 method=java.util.concurrent.locks.ReentrantLock.lock()V @ 4
Event: 7.413 Thread 0x000000001d362000 Uncommon trap: reason=class_check action=maybe_recompile pc=0x00000000044a9ed8 method=java.util.concurrent.locks.ReentrantLock.lock()V @ 4
Event: 7.416 Thread 0x000000001d361000 Uncommon trap: reason=class_check action=maybe_recompile pc=0x00000000044a9ed8 method=java.util.concurrent.locks.ReentrantLock.lock()V @ 4
Event: 7.483 Thread 0x000000001853c800 Uncommon trap: reason=unstable_if action=reinterpret pc=0x0000000003d1157c method=com.esotericsoftware.kryo.io.Input.require(I)I @ 180

Classes redefined (0 events):
No events

Internal exceptions (10 events):
Event: 7.132 Thread 0x000000001d35f000 Exception <a 'java/lang/ClassNotFoundException': org/gradle/api/tasks/bundling/JarCustomizer> (0x00000000f877fe18) thrown at [C:\jenkins\workspace\8-2-build-windows-amd64-cygwin\jdk8u251\737\hotspot\src\share\vm\classfile\systemDictionary.cpp, line 210]
Event: 7.133 Thread 0x000000001d35f000 Exception <a 'java/lang/ClassNotFoundException': org/gradle/api/tasks/bundling/Jar_DecoratedCustomizer> (0x00000000f87d0110) thrown at [C:\jenkins\workspace\8-2-build-windows-amd64-cygwin\jdk8u251\737\hotspot\src\share\vm\classfile\systemDictionary.cpp, l
Event: 7.218 Thread 0x000000001856e000 Exception <a 'java/lang/NoSuchMethodError': <clinit>> (0x00000000f58cd290) thrown at [C:\jenkins\workspace\8-2-build-windows-amd64-cygwin\jdk8u251\737\hotspot\src\share\vm\prims\jni.cpp, line 1614]
Event: 7.256 Thread 0x000000001d35f000 Exception <a 'java/lang/ClassNotFoundException': org/gradle/api/tasks/testing/Test_DecoratedBeanInfo> (0x00000000f8c4a850) thrown at [C:\jenkins\workspace\8-2-build-windows-amd64-cygwin\jdk8u251\737\hotspot\src\share\vm\classfile\systemDictionary.cpp, lin
Event: 7.257 Thread 0x000000001d35f000 Exception <a 'java/lang/ClassNotFoundException': org/gradle/api/tasks/testing/TestBeanInfo> (0x00000000f8c6c9a8) thrown at [C:\jenkins\workspace\8-2-build-windows-amd64-cygwin\jdk8u251\737\hotspot\src\share\vm\classfile\systemDictionary.cpp, line 210]
Event: 7.257 Thread 0x000000001d35f000 Exception <a 'java/lang/ClassNotFoundException': org/gradle/api/tasks/testing/AbstractTestTaskBeanInfo> (0x00000000f8c95e40) thrown at [C:\jenkins\workspace\8-2-build-windows-amd64-cygwin\jdk8u251\737\hotspot\src\share\vm\classfile\systemDictionary.cpp, l
Event: 7.257 Thread 0x000000001d35f000 Exception <a 'java/lang/ClassNotFoundException': org/gradle/api/tasks/testing/AbstractTestTaskCustomizer> (0x00000000f8cbfe20) thrown at [C:\jenkins\workspace\8-2-build-windows-amd64-cygwin\jdk8u251\737\hotspot\src\share\vm\classfile\systemDictionary.cpp,
Event: 7.258 Thread 0x000000001d35f000 Exception <a 'java/lang/ClassNotFoundException': org/gradle/api/tasks/testing/TestCustomizer> (0x00000000f8d14240) thrown at [C:\jenkins\workspace\8-2-build-windows-amd64-cygwin\jdk8u251\737\hotspot\src\share\vm\classfile\systemDictionary.cpp, line 210]
Event: 7.261 Thread 0x000000001d35f000 Exception <a 'java/lang/ClassNotFoundException': org/gradle/api/tasks/testing/Test_DecoratedCustomizer> (0x00000000f8e05dc8) thrown at [C:\jenkins\workspace\8-2-build-windows-amd64-cygwin\jdk8u251\737\hotspot\src\share\vm\classfile\systemDictionary.cpp, l
Event: 160.490 Thread 0x000000001d362800 Exception <a 'java/lang/NoSuchMethodError': java.lang.Object.lambda$comparingInt$7b0bb60$1(Ljava/util/function/ToIntFunction;Ljava/lang/Object;Ljava/lang/Object;)I> (0x00000000f9fae198) thrown at [C:\jenkins\workspace\8-2-build-windows-amd64-cygwin\jdk8u2

Events (10 events):
Event: 396.068 Thread 0x000000001d365800 Thread added: 0x000000001d365800
Event: 396.071 Thread 0x000000001d363800 Thread added: 0x000000001d363800
Event: 396.071 Thread 0x000000001d364000 Thread added: 0x000000001d364000
Event: 396.072 Thread 0x000000001d366800 Thread added: 0x000000001d366800
Event: 396.072 Executing VM operation: RevokeBias
Event: 396.072 Executing VM operation: RevokeBias done
Event: 396.078 Thread 0x000000001d35f800 Thread added: 0x000000001d35f800
Event: 396.080 Thread 0x000000001d367800 Thread added: 0x000000001d367800
Event: 396.091 Thread 0x000000001d360800 Thread added: 0x000000001d360800
Event: 396.092 Executing VM operation: RevokeBias


Dynamic libraries:
0x00007ff60f520000 - 0x00007ff60f557000 	C:\Program Files\Java\jdk1.8.0_251\bin\java.exe
0x00007ffd193c0000 - 0x00007ffd195b0000 	C:\Windows\SYSTEM32\ntdll.dll
0x00007ffd18260000 - 0x00007ffd18312000 	C:\Windows\System32\KERNEL32.DLL
0x00007ffd16630000 - 0x00007ffd168d4000 	C:\Windows\System32\KERNELBASE.dll
0x00007ffcdfeb0000 - 0x00007ffcdffce000 	C:\Windows\System32\AppCheck64.dll
0x00007ffd185a0000 - 0x00007ffd18643000 	C:\Windows\System32\ADVAPI32.dll
0x00007ffd18850000 - 0x00007ffd188ee000 	C:\Windows\System32\msvcrt.dll
0x00007ffd11c60000 - 0x00007ffd11c6a000 	C:\Windows\SYSTEM32\VERSION.dll
0x00007ffd18e40000 - 0x00007ffd18ed7000 	C:\Windows\System32\sechost.dll
0x00007ffd178e0000 - 0x00007ffd17a00000 	C:\Windows\System32\RPCRT4.dll
0x00007ffd183a0000 - 0x00007ffd18534000 	C:\Windows\System32\USER32.dll
0x00007ffd16600000 - 0x00007ffd16621000 	C:\Windows\System32\win32u.dll
0x00007ffd18650000 - 0x00007ffd18676000 	C:\Windows\System32\GDI32.dll
0x00007ffd16340000 - 0x00007ffd164d6000 	C:\Windows\System32\gdi32full.dll
0x00007ffd173d0000 - 0x00007ffd1746e000 	C:\Windows\System32\msvcp_win.dll
0x00007ffd170d0000 - 0x00007ffd171ca000 	C:\Windows\System32\ucrtbase.dll
0x00007ffd002b0000 - 0x00007ffd00534000 	C:\Windows\WinSxS\amd64_microsoft.windows.common-controls_6595b64144ccf1df_6.0.18362.959_none_e6c7bbbf130c62bb\COMCTL32.dll
0x00007ffd18b00000 - 0x00007ffd18e35000 	C:\Windows\System32\combase.dll
0x00007ffd16580000 - 0x00007ffd16600000 	C:\Windows\System32\bcryptPrimitives.dll
0x00007ffd18230000 - 0x00007ffd1825e000 	C:\Windows\System32\IMM32.DLL
0x00000000745d0000 - 0x00000000746a2000 	C:\Program Files\Java\jdk1.8.0_251\jre\bin\msvcr100.dll
0x0000000073d20000 - 0x00000000745cb000 	C:\Program Files\Java\jdk1.8.0_251\jre\bin\server\jvm.dll
0x00007ffd190b0000 - 0x00007ffd190b8000 	C:\Windows\System32\PSAPI.DLL
0x00007ffd14340000 - 0x00007ffd14364000 	C:\Windows\SYSTEM32\WINMM.dll
0x00007ffd034b0000 - 0x00007ffd034b9000 	C:\Windows\SYSTEM32\WSOCK32.dll
0x00007ffd187e0000 - 0x00007ffd1884f000 	C:\Windows\System32\WS2_32.dll
0x00007ffd141e0000 - 0x00007ffd1420d000 	C:\Windows\SYSTEM32\WINMMBASE.dll
0x00007ffd16500000 - 0x00007ffd1654a000 	C:\Windows\System32\cfgmgr32.dll
0x00007ffd14390000 - 0x00007ffd1439f000 	C:\Program Files\Java\jdk1.8.0_251\jre\bin\verify.dll
0x00007ffd0e2a0000 - 0x00007ffd0e2c9000 	C:\Program Files\Java\jdk1.8.0_251\jre\bin\java.dll
0x00007ffd124f0000 - 0x00007ffd12506000 	C:\Program Files\Java\jdk1.8.0_251\jre\bin\zip.dll
0x00007ffd17a00000 - 0x00007ffd180e6000 	C:\Windows\System32\SHELL32.dll
0x00007ffd188f0000 - 0x00007ffd18999000 	C:\Windows\System32\shcore.dll
0x00007ffd168e0000 - 0x00007ffd17062000 	C:\Windows\System32\windows.storage.dll
0x00007ffd162f0000 - 0x00007ffd16313000 	C:\Windows\System32\profapi.dll
0x00007ffd16280000 - 0x00007ffd162ca000 	C:\Windows\System32\powrprof.dll
0x00007ffd16270000 - 0x00007ffd16280000 	C:\Windows\System32\UMPDC.dll
0x00007ffd18540000 - 0x00007ffd18592000 	C:\Windows\System32\shlwapi.dll
0x00007ffd162d0000 - 0x00007ffd162e1000 	C:\Windows\System32\kernel.appcore.dll
0x00007ffd164e0000 - 0x00007ffd164f7000 	C:\Windows\System32\cryptsp.dll
0x00007ffd0e130000 - 0x00007ffd0e14a000 	C:\Program Files\Java\jdk1.8.0_251\jre\bin\net.dll
0x00007ffd15a80000 - 0x00007ffd15ae7000 	C:\Windows\system32\mswsock.dll
0x00007ffd0e110000 - 0x00007ffd0e122000 	C:\Program Files\Java\jdk1.8.0_251\jre\bin\nio.dll
0x00007ffcf0430000 - 0x00007ffcf0456000 	C:\Users\kints\.gradle\native\31\windows-amd64\native-platform.dll
0x00007ffd12aa0000 - 0x00007ffd12aad000 	C:\Program Files\Java\jdk1.8.0_251\jre\bin\management.dll
0x00007ffd155f0000 - 0x00007ffd15623000 	C:\Windows\system32\rsaenh.dll
0x00007ffd16550000 - 0x00007ffd16576000 	C:\Windows\System32\bcrypt.dll
0x00007ffd16190000 - 0x00007ffd161b5000 	C:\Windows\SYSTEM32\USERENV.dll
0x00007ffd15c50000 - 0x00007ffd15c5c000 	C:\Windows\SYSTEM32\CRYPTBASE.dll
0x00007ffd15790000 - 0x00007ffd157ca000 	C:\Windows\SYSTEM32\IPHLPAPI.DLL
0x00007ffd18f60000 - 0x00007ffd18f68000 	C:\Windows\System32\NSI.dll
0x00007ffd11330000 - 0x00007ffd11346000 	C:\Windows\SYSTEM32\dhcpcsvc6.DLL
0x00007ffd11310000 - 0x00007ffd1132c000 	C:\Windows\SYSTEM32\dhcpcsvc.DLL
0x00007ffd157d0000 - 0x00007ffd1589b000 	C:\Windows\SYSTEM32\DNSAPI.dll

VM Arguments:
jvm_args: -XX:MaxMetaspaceSize=256m -XX:+HeapDumpOnOutOfMemoryError -Xms256m -Xmx512m -Dfile.encoding=UTF-8 -Duser.country=KR -Duser.language=ko -Duser.variant 
java_command: org.gradle.launcher.daemon.bootstrap.GradleDaemon 6.1.1
java_class_path (initial): C:\Users\kints\.gradle\wrapper\dists\gradle-6.1.1-bin\4i3ntwqiazourd86epxcz427c\gradle-6.1.1\lib\gradle-launcher-6.1.1.jar
Launcher Type: SUN_STANDARD

Environment Variables:
PATH=C:\Program Files (x86)\Common Files\Oracle\Java\javapath;C:\Program Files (x86)\Intel\iCLS Client\;C:\Program Files\Intel\iCLS Client\;C:\Windows\system32;C:\Windows;C:\Windows\System32\Wbem;C:\Windows\System32\WindowsPowerShell\v1.0\;C:\Windows\System32\OpenSSH\;C:\Program Files (x86)\Intel\Intel(R) Management Engine Components\DAL;C:\Program Files\Intel\Intel(R) Management Engine Components\DAL;C:\Program Files (x86)\Intel\Intel(R) Management Engine Components\IPT;C:\Program Files\Intel\Intel(R) Management Engine Components\IPT;C:\Program Files\NVIDIA Corporation\NVIDIA NvDLISR;C:\Program Files (x86)\NVIDIA Corporation\PhysX\Common;C:\Program Files\dotnet\;C:\Program Files\Git\cmd;C:\Users\kints\AppData\Local\Microsoft\WindowsApps;C:\Program Files\Bandizip\
USERNAME=kints
OS=Windows_NT
PROCESSOR_IDENTIFIER=Intel64 Family 6 Model 94 Stepping 3, GenuineIntel



---------------  S Y S T E M  ---------------

OS: Windows 10.0 , 64 bit Build 18362 (10.0.18362.959)

CPU:total 4 (initial active 4) (4 cores per cpu, 1 threads per core) family 6 model 94 stepping 3, cmov, cx8, fxsr, mmx, sse, sse2, sse3, ssse3, sse4.1, sse4.2, popcnt, avx, avx2, aes, clmul, erms, rtm, 3dnowpref, lzcnt, tsc, tscinvbit, bmi1, bmi2, adx

Memory: 4k page, physical 8330504k(360196k free), swap 12524808k(2184k free)

vm_info: Java HotSpot(TM) 64-Bit Server VM (25.251-b08) for windows-amd64 JRE (1.8.0_251-b08), built on Mar 12 2020 06:31:49 by "" with MS VC++ 10.0 (VS2010)

time: Thu Aug 13 10:43:00 2020
timezone: 대한민국 표준시
elapsed time: 396 seconds (0d 0h 6m 36s)

