#
# There is insufficient memory for the Java Runtime Environment to continue.
# Native memory allocation (malloc) failed to allocate 32744 bytes for ChunkPool::allocate
# Possible reasons:
#   The system is out of physical RAM or swap space
#   The process is running with CompressedOops enabled, and the Java Heap may be blocking the growth of the native heap
# Possible solutions:
#   Reduce memory load on the system
#   Increase physical memory or swap space
#   Check if swap backing store is full
#   Decrease Java heap size (-Xmx/-Xms)
#   Decrease number of Java threads
#   Decrease Java thread stack sizes (-Xss)
#   Set larger code cache with -XX:ReservedCodeCacheSize=
#   JVM is running with Unscaled Compressed Oops mode in which the Java heap is
#     placed in the first 4GB address space. The Java Heap base address is the
#     maximum limit for the native heap growth. Please use -XX:HeapBaseMinAddress
#     to set the Java Heap base and to place the Java Heap above 4GB virtual address.
# This output file may be truncated or incomplete.
#
#  Out of Memory Error (allocation.cpp:272), pid=10788, tid=0x00000000000030d8
#
# JRE version: Java(TM) SE Runtime Environment (8.0_251-b08) (build 1.8.0_251-b08)
# Java VM: Java HotSpot(TM) 64-Bit Server VM (25.251-b08 mixed mode windows-amd64 compressed oops)
# Failed to write core dump. Minidumps are not enabled by default on client versions of Windows
#

---------------  T H R E A D  ---------------

Current thread (0x0000000015ccd800):  JavaThread "C2 CompilerThread1" daemon [_thread_in_native, id=12504, stack(0x00000000163c0000,0x00000000164c0000)]

Stack: [0x00000000163c0000,0x00000000164c0000]
[error occurred during error reporting (printing stack bounds), id 0xc0000005]

Native frames: (J=compiled Java code, j=interpreted, Vv=VM code, C=native code)


Current CompileTask:
C2: 890621 7791   !   4       java.io.ObjectOutputStream::defaultWriteFields (270 bytes)


---------------  P R O C E S S  ---------------

Java Threads: ( => current thread )
  0x000000001bc2f800 JavaThread "Cache worker for Java compile cache (D:\NoteblockManager\.gradle\6.1.1\javaCompile)" [_thread_blocked, id=3348, stack(0x0000000020070000,0x0000000020170000)]
  0x000000001bc34000 JavaThread "Build operations Thread 4" [_thread_blocked, id=15036, stack(0x000000001fb70000,0x000000001fc70000)]
  0x000000001bc31000 JavaThread "Build operations Thread 3" [_thread_blocked, id=9328, stack(0x000000001f970000,0x000000001fa70000)]
  0x000000001bc2c800 JavaThread "Build operations Thread 2" [_thread_blocked, id=11576, stack(0x000000001f870000,0x000000001f970000)]
  0x000000001bc33800 JavaThread "Build operations" [_thread_blocked, id=368, stack(0x000000001f770000,0x000000001f870000)]
  0x0000000015cd4800 JavaThread "Cache worker for execution history cache (D:\NoteblockManager\.gradle\6.1.1\executionHistory)" [_thread_blocked, id=10488, stack(0x000000001f670000,0x000000001f770000)]
  0x000000001a6d6800 JavaThread "Cache worker for file content cache (D:\NoteblockManager\.gradle\6.1.1\fileContent)" [_thread_blocked, id=14636, stack(0x000000001d970000,0x000000001da70000)]
  0x000000001a6d6000 JavaThread "Cache worker for Build Output Cleanup Cache (D:\NoteblockManager\.gradle\buildOutputCleanup)" [_thread_blocked, id=7336, stack(0x000000001c5e0000,0x000000001c6e0000)]
  0x000000001a6d5000 JavaThread "Cache worker for cache directory md-rule (C:\Users\kints\.gradle\caches\6.1.1\md-rule)" [_thread_blocked, id=14952, stack(0x000000001c4e0000,0x000000001c5e0000)]
  0x000000001a6d4800 JavaThread "Cache worker for cache directory md-supplier (C:\Users\kints\.gradle\caches\6.1.1\md-supplier)" [_thread_blocked, id=15724, stack(0x0000000019d40000,0x0000000019e40000)]
  0x000000001a6d7800 JavaThread "Cache worker for file hash cache (D:\NoteblockManager\.gradle\6.1.1\fileHashes)" [_thread_blocked, id=14344, stack(0x0000000019c40000,0x0000000019d40000)]
  0x000000001a6d3800 JavaThread "Cache worker for checksums cache (D:\NoteblockManager\.gradle\checksums)" [_thread_blocked, id=10276, stack(0x0000000019b40000,0x0000000019c40000)]
  0x000000001a6d3000 JavaThread "Thread-143" [_thread_blocked, id=11432, stack(0x0000000019a40000,0x0000000019b40000)]
  0x000000001a6ca800 JavaThread "Stdin handler" [_thread_blocked, id=7900, stack(0x0000000019940000,0x0000000019a40000)]
  0x000000001a6d1800 JavaThread "Asynchronous log dispatcher for DefaultDaemonConnection: socket connection from /127.0.0.1:4502 to /127.0.0.1:4974" [_thread_blocked, id=14712, stack(0x0000000019640000,0x0000000019740000)]
  0x000000001a6d0800 JavaThread "Daemon worker Thread 5" [_thread_blocked, id=2928, stack(0x0000000019540000,0x0000000019640000)]
  0x000000001a6d0000 JavaThread "Cancel handler" [_thread_blocked, id=15096, stack(0x00000000015a0000,0x00000000016a0000)]
  0x000000001a6cf000 JavaThread "Handler for socket connection from /127.0.0.1:4502 to /127.0.0.1:4974" [_thread_in_native, id=6128, stack(0x00000000014a0000,0x00000000015a0000)]
  0x000000001a6ce800 JavaThread "Daemon Thread 5" [_thread_blocked, id=10820, stack(0x00000000013a0000,0x00000000014a0000)]
  0x000000001a6d2000 JavaThread "Cache worker for Java compile cache (C:\Users\kints\.gradle\caches\6.1.1\javaCompile)" [_thread_blocked, id=7544, stack(0x000000001fa70000,0x000000001fb70000)]
  0x000000001a6c9000 JavaThread "Cache worker for file content cache (C:\Users\kints\.gradle\caches\6.1.1\fileContent)" [_thread_blocked, id=12932, stack(0x000000001ec70000,0x000000001ed70000)]
  0x000000001a6cc000 JavaThread "Memory manager" [_thread_blocked, id=1508, stack(0x000000001eb70000,0x000000001ec70000)]
  0x0000000015cd5000 JavaThread "Cache worker for execution history cache (C:\Users\kints\.gradle\caches\6.1.1\executionHistory)" [_thread_blocked, id=15956, stack(0x000000001dd70000,0x000000001de70000)]
  0x0000000015cda800 JavaThread "Cache worker for file hash cache (C:\Users\kints\.gradle\caches\6.1.1\fileHashes)" [_thread_blocked, id=12232, stack(0x000000001a240000,0x000000001a340000)]
  0x0000000015cd6800 JavaThread "File lock request listener" [_thread_in_native, id=6532, stack(0x000000001a140000,0x000000001a240000)]
  0x0000000015cd6000 JavaThread "Cache worker for journal cache (C:\Users\kints\.gradle\caches\journal-1)" [_thread_blocked, id=12760, stack(0x000000001a040000,0x000000001a140000)]
  0x0000000018138000 JavaThread "Daemon periodic checks" [_thread_blocked, id=3332, stack(0x0000000019440000,0x0000000019540000)]
  0x0000000018123000 JavaThread "Incoming local TCP Connector on port 4502" [_thread_in_native, id=12424, stack(0x0000000019260000,0x0000000019360000)]
  0x00000000180b9000 JavaThread "Daemon health stats" [_thread_blocked, id=3584, stack(0x0000000018f60000,0x0000000019060000)]
  0x0000000015d5c800 JavaThread "Service Thread" daemon [_thread_blocked, id=11364, stack(0x00000000165c0000,0x00000000166c0000)]
  0x0000000015cd7800 JavaThread "C1 CompilerThread2" daemon [_thread_blocked, id=13100, stack(0x00000000164c0000,0x00000000165c0000)]
=>0x0000000015ccd800 JavaThread "C2 CompilerThread1" daemon [_thread_in_native, id=12504, stack(0x00000000163c0000,0x00000000164c0000)]
  0x00000000149bb800 JavaThread "C2 CompilerThread0" daemon [_thread_blocked, id=7936, stack(0x00000000162c0000,0x00000000163c0000)]
  0x000000001496f000 JavaThread "Attach Listener" daemon [_thread_blocked, id=628, stack(0x00000000161c0000,0x00000000162c0000)]
  0x000000001496e000 JavaThread "Signal Dispatcher" daemon [_thread_blocked, id=7404, stack(0x00000000160c0000,0x00000000161c0000)]
  0x00000000035ea800 JavaThread "Finalizer" daemon [_thread_blocked, id=9868, stack(0x0000000015bc0000,0x0000000015cc0000)]
  0x00000000035e2000 JavaThread "Reference Handler" daemon [_thread_blocked, id=1252, stack(0x0000000015ac0000,0x0000000015bc0000)]
  0x00000000033ee000 JavaThread "main" [_thread_blocked, id=16264, stack(0x00000000033f0000,0x00000000034f0000)]

Other Threads:
  0x0000000014927800 VMThread [stack: 0x00000000159c0000,0x0000000015ac0000] [id=5424]
  0x0000000015d76800 WatcherThread [stack: 0x00000000166c0000,0x00000000167c0000] [id=11040]

VM state:at safepoint (normal execution)

VM Mutex/Monitor currently owned by a thread:  ([mutex/lock_event])
[0x00000000033ed690] Threads_lock - owner thread: 0x0000000014927800

OutOfMemory and StackOverflow Exception counts:
OutOfMemoryError java_heap_errors=1

heap address: 0x00000000e0000000, size: 512 MB, Compressed Oops mode: 32-bit
Narrow klass base: 0x0000000000000000, Narrow klass shift: 3
Compressed class space size: 1073741824 Address: 0x0000000100000000

Heap:
 PSYoungGen      total 161792K, used 110983K [0x00000000f5580000, 0x0000000100000000, 0x0000000100000000)
  eden space 148992K, 65% used [0x00000000f5580000,0x00000000fb563da0,0x00000000fe700000)
  from space 12800K, 99% used [0x00000000fe700000,0x00000000ff37e158,0x00000000ff380000)
  to   space 12800K, 0% used [0x00000000ff380000,0x00000000ff380000,0x0000000100000000)
 ParOldGen       total 175104K, used 31536K [0x00000000e0000000, 0x00000000eab00000, 0x00000000f5580000)
  object space 175104K, 18% used [0x00000000e0000000,0x00000000e1ecc110,0x00000000eab00000)
 Metaspace       used 50303K, capacity 52248K, committed 52480K, reserved 1093632K
  class space    used 6958K, capacity 7362K, committed 7424K, reserved 1048576K

Card table byte_map: [0x00000000129b0000,0x0000000012ac0000] byte_map_base: 0x00000000122b0000

Marking Bits: (ParMarkBitMap*) 0x000000006c54af90
 Begin Bits: [0x0000000012ec0000, 0x00000000136c0000)
 End Bits:   [0x00000000136c0000, 0x0000000013ec0000)

Polling page: 0x0000000001290000

CodeCache: size=245760Kb used=22364Kb max_used=22377Kb free=223395Kb
 bounds [0x00000000035f0000, 0x0000000004bf0000, 0x00000000125f0000]
 total_blobs=7577 nmethods=6822 adapters=666
 compilation: enabled

Compilation events (10 events):
Event: 890.599 Thread 0x00000000149bb800 7787       4       java.io.ObjectOutputStream$HandleTable::assign (52 bytes)
Event: 890.599 Thread 0x0000000015cd7800 nmethod 7786 0x0000000004bd90d0 code [0x0000000004bd9260, 0x0000000004bd96b8]
Event: 890.600 Thread 0x0000000015ccd800 nmethod 7783 0x0000000004bd8a90 code [0x0000000004bd8be0, 0x0000000004bd8e48]
Event: 890.600 Thread 0x0000000015ccd800 7788 %     4       java.io.ObjectOutputStream$BlockDataOutputStream::writeBytes @ 95 (144 bytes)
Event: 890.600 Thread 0x0000000015cd7800 7789       3       java.lang.Class::getPackage (5 bytes)
Event: 890.600 Thread 0x0000000015cd7800 nmethod 7789 0x0000000004bd8710 code [0x0000000004bd8880, 0x0000000004bd8a08]
Event: 890.603 Thread 0x00000000149bb800 nmethod 7787 0x0000000004be0890 code [0x0000000004be0a00, 0x0000000004be0fb8]
Event: 890.604 Thread 0x00000000149bb800 7790   !   4       java.io.ObjectOutputStream::writeObject0 (619 bytes)
Event: 890.606 Thread 0x0000000015ccd800 nmethod 7788% 0x0000000004bdfd90 code [0x0000000004bdff00, 0x0000000004be0428]
Event: 890.606 Thread 0x0000000015ccd800 7791   !   4       java.io.ObjectOutputStream::defaultWriteFields (270 bytes)

GC Heap History (10 events):
Event: 10.660 GC heap before
{Heap before GC invocations=7 (full 1):
 PSYoungGen      total 76288K, used 74439K [0x00000000f5580000, 0x00000000fe100000, 0x0000000100000000)
  eden space 65536K, 100% used [0x00000000f5580000,0x00000000f9580000,0x00000000f9580000)
  from space 10752K, 82% used [0x00000000f9580000,0x00000000f9e31df8,0x00000000fa000000)
  to   space 12800K, 0% used [0x00000000fd480000,0x00000000fd480000,0x00000000fe100000)
 ParOldGen       total 175104K, used 7014K [0x00000000e0000000, 0x00000000eab00000, 0x00000000f5580000)
  object space 175104K, 4% used [0x00000000e0000000,0x00000000e06d9948,0x00000000eab00000)
 Metaspace       used 32797K, capacity 33564K, committed 33792K, reserved 1079296K
  class space    used 4588K, capacity 4777K, committed 4864K, reserved 1048576K
Event: 10.760 GC heap after
Heap after GC invocations=7 (full 1):
 PSYoungGen      total 130560K, used 9324K [0x00000000f5580000, 0x00000000fe100000, 0x0000000100000000)
  eden space 117760K, 0% used [0x00000000f5580000,0x00000000f5580000,0x00000000fc880000)
  from space 12800K, 72% used [0x00000000fd480000,0x00000000fdd9b358,0x00000000fe100000)
  to   space 12288K, 0% used [0x00000000fc880000,0x00000000fc880000,0x00000000fd480000)
 ParOldGen       total 175104K, used 7022K [0x00000000e0000000, 0x00000000eab00000, 0x00000000f5580000)
  object space 175104K, 4% used [0x00000000e0000000,0x00000000e06db948,0x00000000eab00000)
 Metaspace       used 32797K, capacity 33564K, committed 33792K, reserved 1079296K
  class space    used 4588K, capacity 4777K, committed 4864K, reserved 1048576K
}
Event: 12.034 GC heap before
{Heap before GC invocations=8 (full 1):
 PSYoungGen      total 130560K, used 51660K [0x00000000f5580000, 0x00000000fe100000, 0x0000000100000000)
  eden space 117760K, 35% used [0x00000000f5580000,0x00000000f7ed7f50,0x00000000fc880000)
  from space 12800K, 72% used [0x00000000fd480000,0x00000000fdd9b358,0x00000000fe100000)
  to   space 12288K, 0% used [0x00000000fc880000,0x00000000fc880000,0x00000000fd480000)
 ParOldGen       total 175104K, used 7022K [0x00000000e0000000, 0x00000000eab00000, 0x00000000f5580000)
  object space 175104K, 4% used [0x00000000e0000000,0x00000000e06db948,0x00000000eab00000)
 Metaspace       used 34556K, capacity 35386K, committed 35496K, reserved 1079296K
  class space    used 4916K, capacity 5140K, committed 5248K, reserved 1048576K
Event: 12.051 GC heap after
Heap after GC invocations=8 (full 1):
 PSYoungGen      total 130048K, used 9246K [0x00000000f5580000, 0x00000000fff80000, 0x0000000100000000)
  eden space 117760K, 0% used [0x00000000f5580000,0x00000000f5580000,0x00000000fc880000)
  from space 12288K, 75% used [0x00000000fc880000,0x00000000fd187800,0x00000000fd480000)
  to   space 12288K, 0% used [0x00000000ff380000,0x00000000ff380000,0x00000000fff80000)
 ParOldGen       total 175104K, used 7030K [0x00000000e0000000, 0x00000000eab00000, 0x00000000f5580000)
  object space 175104K, 4% used [0x00000000e0000000,0x00000000e06dd948,0x00000000eab00000)
 Metaspace       used 34556K, capacity 35386K, committed 35496K, reserved 1079296K
  class space    used 4916K, capacity 5140K, committed 5248K, reserved 1048576K
}
Event: 12.051 GC heap before
{Heap before GC invocations=9 (full 2):
 PSYoungGen      total 130048K, used 9246K [0x00000000f5580000, 0x00000000fff80000, 0x0000000100000000)
  eden space 117760K, 0% used [0x00000000f5580000,0x00000000f5580000,0x00000000fc880000)
  from space 12288K, 75% used [0x00000000fc880000,0x00000000fd187800,0x00000000fd480000)
  to   space 12288K, 0% used [0x00000000ff380000,0x00000000ff380000,0x00000000fff80000)
 ParOldGen       total 175104K, used 7030K [0x00000000e0000000, 0x00000000eab00000, 0x00000000f5580000)
  object space 175104K, 4% used [0x00000000e0000000,0x00000000e06dd948,0x00000000eab00000)
 Metaspace       used 34556K, capacity 35386K, committed 35496K, reserved 1079296K
  class space    used 4916K, capacity 5140K, committed 5248K, reserved 1048576K
Event: 12.191 GC heap after
Heap after GC invocations=9 (full 2):
 PSYoungGen      total 130048K, used 0K [0x00000000f5580000, 0x00000000fff80000, 0x0000000100000000)
  eden space 117760K, 0% used [0x00000000f5580000,0x00000000f5580000,0x00000000fc880000)
  from space 12288K, 0% used [0x00000000fc880000,0x00000000fc880000,0x00000000fd480000)
  to   space 12288K, 0% used [0x00000000ff380000,0x00000000ff380000,0x00000000fff80000)
 ParOldGen       total 175104K, used 15808K [0x00000000e0000000, 0x00000000eab00000, 0x00000000f5580000)
  object space 175104K, 9% used [0x00000000e0000000,0x00000000e0f70208,0x00000000eab00000)
 Metaspace       used 34556K, capacity 35386K, committed 35496K, reserved 1079296K
  class space    used 4916K, capacity 5140K, committed 5248K, reserved 1048576K
}
Event: 15.971 GC heap before
{Heap before GC invocations=10 (full 2):
 PSYoungGen      total 130048K, used 117760K [0x00000000f5580000, 0x00000000fff80000, 0x0000000100000000)
  eden space 117760K, 100% used [0x00000000f5580000,0x00000000fc880000,0x00000000fc880000)
  from space 12288K, 0% used [0x00000000fc880000,0x00000000fc880000,0x00000000fd480000)
  to   space 12288K, 0% used [0x00000000ff380000,0x00000000ff380000,0x00000000fff80000)
 ParOldGen       total 175104K, used 15808K [0x00000000e0000000, 0x00000000eab00000, 0x00000000f5580000)
  object space 175104K, 9% used [0x00000000e0000000,0x00000000e0f70208,0x00000000eab00000)
 Metaspace       used 41304K, capacity 42846K, committed 43008K, reserved 1085440K
  class space    used 6032K, capacity 6369K, committed 6400K, reserved 1048576K
Event: 16.015 GC heap after
Heap after GC invocations=10 (full 2):
 PSYoungGen      total 161280K, used 10935K [0x00000000f5580000, 0x0000000100000000, 0x0000000100000000)
  eden space 148992K, 0% used [0x00000000f5580000,0x00000000f5580000,0x00000000fe700000)
  from space 12288K, 88% used [0x00000000ff380000,0x00000000ffe2df38,0x00000000fff80000)
  to   space 12800K, 0% used [0x00000000fe700000,0x00000000fe700000,0x00000000ff380000)
 ParOldGen       total 175104K, used 15816K [0x00000000e0000000, 0x00000000eab00000, 0x00000000f5580000)
  object space 175104K, 9% used [0x00000000e0000000,0x00000000e0f72208,0x00000000eab00000)
 Metaspace       used 41304K, capacity 42846K, committed 43008K, reserved 1085440K
  class space    used 6032K, capacity 6369K, committed 6400K, reserved 1048576K
}
Event: 317.515 GC heap before
{Heap before GC invocations=11 (full 2):
 PSYoungGen      total 161280K, used 159927K [0x00000000f5580000, 0x0000000100000000, 0x0000000100000000)
  eden space 148992K, 100% used [0x00000000f5580000,0x00000000fe700000,0x00000000fe700000)
  from space 12288K, 88% used [0x00000000ff380000,0x00000000ffe2df38,0x00000000fff80000)
  to   space 12800K, 0% used [0x00000000fe700000,0x00000000fe700000,0x00000000ff380000)
 ParOldGen       total 175104K, used 15816K [0x00000000e0000000, 0x00000000eab00000, 0x00000000f5580000)
  object space 175104K, 9% used [0x00000000e0000000,0x00000000e0f72208,0x00000000eab00000)
 Metaspace       used 49527K, capacity 51408K, committed 51712K, reserved 1093632K
  class space    used 6940K, capacity 7330K, committed 7424K, reserved 1048576K
Event: 317.561 GC heap after
Heap after GC invocations=11 (full 2):
 PSYoungGen      total 161792K, used 12792K [0x00000000f5580000, 0x0000000100000000, 0x0000000100000000)
  eden space 148992K, 0% used [0x00000000f5580000,0x00000000f5580000,0x00000000fe700000)
  from space 12800K, 99% used [0x00000000fe700000,0x00000000ff37e158,0x00000000ff380000)
  to   space 12800K, 0% used [0x00000000ff380000,0x00000000ff380000,0x0000000100000000)
 ParOldGen       total 175104K, used 31536K [0x00000000e0000000, 0x00000000eab00000, 0x00000000f5580000)
  object space 175104K, 18% used [0x00000000e0000000,0x00000000e1ecc110,0x00000000eab00000)
 Metaspace       used 49527K, capacity 51408K, committed 51712K, reserved 1093632K
  class space    used 6940K, capacity 7330K, committed 7424K, reserved 1048576K
}

Deoptimization events (10 events):
Event: 317.822 Thread 0x000000001a6d7800 Uncommon trap: reason=class_check action=maybe_recompile pc=0x000000000458c9f4 method=com.sun.tools.javac.code.Types$13.visitClassType(Lcom/sun/tools/javac/code/Type$ClassType;Lcom/sun/tools/javac/code/Symbol;)Lcom/sun/tools/javac/code/Type; @ 94
Event: 317.868 Thread 0x000000001a6d7800 Uncommon trap: reason=predicate action=maybe_recompile pc=0x000000000373dcb4 method=java.util.AbstractCollection.toArray([Ljava/lang/Object;)[Ljava/lang/Object; @ 49
Event: 317.883 Thread 0x000000001a6d7800 Uncommon trap: reason=unstable_if action=reinterpret pc=0x0000000003859300 method=com.google.common.collect.MapMakerInternalMap$Segment.getEntry(Ljava/lang/Object;I)Lcom/google/common/collect/MapMakerInternalMap$InternalEntry; @ 40
Event: 317.952 Thread 0x000000001a6d0800 Uncommon trap: reason=array_check action=maybe_recompile pc=0x0000000004909ee8 method=java.util.AbstractCollection.toArray([Ljava/lang/Object;)[Ljava/lang/Object; @ 119
Event: 317.952 Thread 0x000000001a6d0800 Uncommon trap: reason=array_check action=maybe_recompile pc=0x0000000004909ee8 method=java.util.AbstractCollection.toArray([Ljava/lang/Object;)[Ljava/lang/Object; @ 119
Event: 609.005 Thread 0x000000001a6ca800 Uncommon trap: reason=array_check action=maybe_recompile pc=0x0000000004909ee8 method=java.util.AbstractCollection.toArray([Ljava/lang/Object;)[Ljava/lang/Object; @ 119
Event: 609.008 Thread 0x000000001a6ca800 Uncommon trap: reason=array_check action=maybe_recompile pc=0x0000000004909ee8 method=java.util.AbstractCollection.toArray([Ljava/lang/Object;)[Ljava/lang/Object; @ 119
Event: 609.126 Thread 0x000000001bc2e000 Uncommon trap: reason=unstable_if action=reinterpret pc=0x00000000039db734 method=java.util.concurrent.locks.ReentrantLock$Sync.nonfairTryAcquire(I)Z @ 19
Event: 890.589 Thread 0x000000001a6d3000 Uncommon trap: reason=unstable_if action=reinterpret pc=0x0000000004742928 method=java.io.ObjectOutputStream$BlockDataOutputStream.writeBytes(Ljava/lang/String;)V @ 22
Event: 890.590 Thread 0x000000001a6d3000 Uncommon trap: reason=unstable_if action=reinterpret pc=0x00000000043df880 method=java.io.ObjectOutputStream$BlockDataOutputStream.writeBytes(Ljava/lang/String;)V @ 22

Classes redefined (0 events):
No events

Internal exceptions (10 events):
Event: 66.332 Thread 0x00000000181a3800 Exception <a 'java/lang/ClassNotFoundException': org/gradle/api/tasks/testing/Test_DecoratedCustomizer> (0x00000000fbf1bcf0) thrown at [C:\jenkins\workspace\8-2-build-windows-amd64-cygwin\jdk8u251\737\hotspot\src\share\vm\classfile\systemDictionary.cpp, l
Event: 317.474 Thread 0x000000001a6d7800 Exception <a 'java/io/FileNotFoundException'> (0x00000000fe2f85f8) thrown at [C:\jenkins\workspace\8-2-build-windows-amd64-cygwin\jdk8u251\737\hotspot\src\share\vm\prims\jni.cpp, line 710]
Event: 317.480 Thread 0x000000001a6d7800 Exception <a 'java/io/FileNotFoundException'> (0x00000000fe32a558) thrown at [C:\jenkins\workspace\8-2-build-windows-amd64-cygwin\jdk8u251\737\hotspot\src\share\vm\prims\jni.cpp, line 710]
Event: 317.883 Thread 0x000000001a6d7800 Implicit null exception at 0x0000000003858153 to 0x00000000038592dd
Event: 609.615 Thread 0x000000001a6ca800 Exception <a 'java/io/FileNotFoundException'> (0x00000000f7cddd10) thrown at [C:\jenkins\workspace\8-2-build-windows-amd64-cygwin\jdk8u251\737\hotspot\src\share\vm\prims\jni.cpp, line 710]
Event: 609.662 Thread 0x000000001a6ca800 Exception <a 'java/io/FileNotFoundException'> (0x00000000f7d1e1a8) thrown at [C:\jenkins\workspace\8-2-build-windows-amd64-cygwin\jdk8u251\737\hotspot\src\share\vm\prims\jni.cpp, line 710]
Event: 742.768 Thread 0x000000001a6d1800 Exception <a 'java/io/FileNotFoundException'> (0x00000000f993f4c8) thrown at [C:\jenkins\workspace\8-2-build-windows-amd64-cygwin\jdk8u251\737\hotspot\src\share\vm\prims\jni.cpp, line 710]
Event: 742.771 Thread 0x000000001a6d1800 Exception <a 'java/io/FileNotFoundException'> (0x00000000f997f888) thrown at [C:\jenkins\workspace\8-2-build-windows-amd64-cygwin\jdk8u251\737\hotspot\src\share\vm\prims\jni.cpp, line 710]
Event: 890.582 Thread 0x000000001a6d0800 Exception <a 'java/lang/OutOfMemoryError'> (0x00000000fb14a9e8) thrown at [C:\jenkins\workspace\8-2-build-windows-amd64-cygwin\jdk8u251\737\hotspot\src\share\vm\prims\jni.cpp, line 736]
Event: 890.583 Thread 0x000000001a6d0800 Exception <a 'java/lang/reflect/InvocationTargetException'> (0x00000000fb14ddf0) thrown at [C:\jenkins\workspace\8-2-build-windows-amd64-cygwin\jdk8u251\737\hotspot\src\share\vm\runtime\reflection.cpp, line 1092]

Events (10 events):
Event: 890.590 Executing VM operation: RevokeBias
Event: 890.590 Thread 0x000000001a6d3000 Uncommon trap: trap_request=0xffffff65 fr.pc=0x00000000043df880
Event: 890.590 Executing VM operation: RevokeBias done
Event: 890.590 Thread 0x000000001a6d3000 DEOPT PACKING pc=0x00000000043df880 sp=0x0000000019b3de20
Event: 890.590 Thread 0x000000001a6d3000 DEOPT UNPACKING pc=0x000000000363583b sp=0x0000000019b3ddd0 mode 2
Event: 890.590 Thread 0x0000000015cd9800 Thread exited: 0x0000000015cd9800
Event: 890.591 Thread 0x0000000015cd8000 Thread exited: 0x0000000015cd8000
Event: 890.591 Thread 0x0000000015cdb000 Thread exited: 0x0000000015cdb000
Event: 890.593 Executing VM operation: RevokeBias
Event: 890.593 Executing VM operation: RevokeBias done


Dynamic libraries:
0x00007ff719fe0000 - 0x00007ff71a017000 	C:\Program Files\Java\jdk1.8.0_251\bin\java.exe
0x00007ffc398a0000 - 0x00007ffc39a90000 	C:\Windows\SYSTEM32\ntdll.dll
0x00007ffc38c30000 - 0x00007ffc38ce2000 	C:\Windows\System32\KERNEL32.DLL
0x00007ffc36ad0000 - 0x00007ffc36d74000 	C:\Windows\System32\KERNELBASE.dll
0x00007ffc1d9d0000 - 0x00007ffc1daee000 	C:\Windows\System32\AppCheck64.dll
0x00007ffc381f0000 - 0x00007ffc38293000 	C:\Windows\System32\ADVAPI32.dll
0x00007ffc397c0000 - 0x00007ffc3985e000 	C:\Windows\System32\msvcrt.dll
0x00007ffc39540000 - 0x00007ffc395d7000 	C:\Windows\System32\sechost.dll
0x00007ffc32d40000 - 0x00007ffc32d4a000 	C:\Windows\SYSTEM32\VERSION.dll
0x00007ffc38d00000 - 0x00007ffc38e20000 	C:\Windows\System32\RPCRT4.dll
0x00007ffc38050000 - 0x00007ffc381e4000 	C:\Windows\System32\USER32.dll
0x00007ffc36f50000 - 0x00007ffc36f71000 	C:\Windows\System32\win32u.dll
0x00007ffc382a0000 - 0x00007ffc382c6000 	C:\Windows\System32\GDI32.dll
0x00007ffc36d80000 - 0x00007ffc36f16000 	C:\Windows\System32\gdi32full.dll
0x00007ffc36820000 - 0x00007ffc368be000 	C:\Windows\System32\msvcp_win.dll
0x00007ffc368c0000 - 0x00007ffc369ba000 	C:\Windows\System32\ucrtbase.dll
0x00007ffc263c0000 - 0x00007ffc26644000 	C:\Windows\WinSxS\amd64_microsoft.windows.common-controls_6595b64144ccf1df_6.0.18362.959_none_e6c7bbbf130c62bb\COMCTL32.dll
0x00007ffc38fb0000 - 0x00007ffc392e5000 	C:\Windows\System32\combase.dll
0x00007ffc370f0000 - 0x00007ffc37170000 	C:\Windows\System32\bcryptPrimitives.dll
0x00007ffc38f80000 - 0x00007ffc38fae000 	C:\Windows\System32\IMM32.DLL
0x000000006c5d0000 - 0x000000006c6a2000 	C:\Program Files\Java\jdk1.8.0_251\jre\bin\msvcr100.dll
0x000000006bd20000 - 0x000000006c5cb000 	C:\Program Files\Java\jdk1.8.0_251\jre\bin\server\jvm.dll
0x00007ffc38040000 - 0x00007ffc38048000 	C:\Windows\System32\PSAPI.DLL
0x00007ffc29cb0000 - 0x00007ffc29cd4000 	C:\Windows\SYSTEM32\WINMM.dll
0x00007ffc331c0000 - 0x00007ffc331c9000 	C:\Windows\SYSTEM32\WSOCK32.dll
0x00007ffc38b60000 - 0x00007ffc38bcf000 	C:\Windows\System32\WS2_32.dll
0x00007ffc29be0000 - 0x00007ffc29c0d000 	C:\Windows\SYSTEM32\WINMMBASE.dll
0x00007ffc37170000 - 0x00007ffc371ba000 	C:\Windows\System32\cfgmgr32.dll
0x00007ffc26de0000 - 0x00007ffc26def000 	C:\Program Files\Java\jdk1.8.0_251\jre\bin\verify.dll
0x00007ffc1c8f0000 - 0x00007ffc1c919000 	C:\Program Files\Java\jdk1.8.0_251\jre\bin\java.dll
0x00007ffc1bfe0000 - 0x00007ffc1bff6000 	C:\Program Files\Java\jdk1.8.0_251\jre\bin\zip.dll
0x00007ffc37950000 - 0x00007ffc38036000 	C:\Windows\System32\SHELL32.dll
0x00007ffc38900000 - 0x00007ffc389a9000 	C:\Windows\System32\shcore.dll
0x00007ffc371c0000 - 0x00007ffc37942000 	C:\Windows\System32\windows.storage.dll
0x00007ffc36780000 - 0x00007ffc367a3000 	C:\Windows\System32\profapi.dll
0x00007ffc367b0000 - 0x00007ffc367fa000 	C:\Windows\System32\powrprof.dll
0x00007ffc36750000 - 0x00007ffc36760000 	C:\Windows\System32\UMPDC.dll
0x00007ffc38bd0000 - 0x00007ffc38c22000 	C:\Windows\System32\shlwapi.dll
0x00007ffc36800000 - 0x00007ffc36811000 	C:\Windows\System32\kernel.appcore.dll
0x00007ffc36f80000 - 0x00007ffc36f97000 	C:\Windows\System32\cryptsp.dll
0x00007ffc1b020000 - 0x00007ffc1b03a000 	C:\Program Files\Java\jdk1.8.0_251\jre\bin\net.dll
0x00007ffc35f60000 - 0x00007ffc35fc7000 	C:\Windows\system32\mswsock.dll
0x00007ffc1ae60000 - 0x00007ffc1ae72000 	C:\Program Files\Java\jdk1.8.0_251\jre\bin\nio.dll
0x00007ffc27b70000 - 0x00007ffc27b96000 	C:\Users\kints\.gradle\native\31\windows-amd64\native-platform.dll
0x00007ffc25be0000 - 0x00007ffc25bed000 	C:\Program Files\Java\jdk1.8.0_251\jre\bin\management.dll
0x00007ffc35ad0000 - 0x00007ffc35b03000 	C:\Windows\system32\rsaenh.dll
0x00007ffc36f20000 - 0x00007ffc36f46000 	C:\Windows\System32\bcrypt.dll
0x00007ffc36670000 - 0x00007ffc36695000 	C:\Windows\SYSTEM32\USERENV.dll
0x00007ffc36130000 - 0x00007ffc3613c000 	C:\Windows\SYSTEM32\CRYPTBASE.dll
0x00007ffc35c70000 - 0x00007ffc35caa000 	C:\Windows\SYSTEM32\IPHLPAPI.DLL
0x00007ffc38330000 - 0x00007ffc38338000 	C:\Windows\System32\NSI.dll
0x00007ffc329f0000 - 0x00007ffc32a06000 	C:\Windows\SYSTEM32\dhcpcsvc6.DLL
0x00007ffc329d0000 - 0x00007ffc329ec000 	C:\Windows\SYSTEM32\dhcpcsvc.DLL
0x00007ffc35cb0000 - 0x00007ffc35d7b000 	C:\Windows\SYSTEM32\DNSAPI.dll

VM Arguments:
jvm_args: -XX:MaxMetaspaceSize=256m -XX:+HeapDumpOnOutOfMemoryError -Xms256m -Xmx512m -Dfile.encoding=x-windows-949 -Duser.country=KR -Duser.language=ko -Duser.variant 
java_command: org.gradle.launcher.daemon.bootstrap.GradleDaemon 6.1.1
java_class_path (initial): C:\Users\kints\.gradle\wrapper\dists\gradle-6.1.1-bin\4i3ntwqiazourd86epxcz427c\gradle-6.1.1\lib\gradle-launcher-6.1.1.jar
Launcher Type: SUN_STANDARD

Environment Variables:
PATH=C:\Program Files (x86)\Common Files\Oracle\Java\javapath;C:\Program Files (x86)\Intel\iCLS Client\;C:\Program Files\Intel\iCLS Client\;C:\Windows\system32;C:\Windows;C:\Windows\System32\Wbem;C:\Windows\System32\WindowsPowerShell\v1.0\;C:\Windows\System32\OpenSSH\;C:\Program Files (x86)\Intel\Intel(R) Management Engine Components\DAL;C:\Program Files\Intel\Intel(R) Management Engine Components\DAL;C:\Program Files (x86)\Intel\Intel(R) Management Engine Components\IPT;C:\Program Files\Intel\Intel(R) Management Engine Components\IPT;C:\Program Files\NVIDIA Corporation\NVIDIA NvDLISR;C:\Program Files (x86)\NVIDIA Corporation\PhysX\Common;C:\Program Files\dotnet\;C:\Program Files\Git\cmd;C:\Users\kints\AppData\Local\Microsoft\WindowsApps;C:\Program Files\Bandizip\
USERNAME=kints
OS=Windows_NT
PROCESSOR_IDENTIFIER=Intel64 Family 6 Model 94 Stepping 3, GenuineIntel



---------------  S Y S T E M  ---------------

OS: Windows 10.0 , 64 bit Build 18362 (10.0.18362.959)

CPU:total 4 (initial active 4) (4 cores per cpu, 1 threads per core) family 6 model 94 stepping 3, cmov, cx8, fxsr, mmx, sse, sse2, sse3, ssse3, sse4.1, sse4.2, popcnt, avx, avx2, aes, clmul, erms, rtm, 3dnowpref, lzcnt, tsc, tscinvbit, bmi1, bmi2, adx

Memory: 4k page, physical 8330504k(851148k free), swap 12524808k(2788k free)

vm_info: Java HotSpot(TM) 64-Bit Server VM (25.251-b08) for windows-amd64 JRE (1.8.0_251-b08), built on Mar 12 2020 06:31:49 by "" with MS VC++ 10.0 (VS2010)

time: Sat Aug 01 11:45:41 2020
timezone: 대한민국 표준시
elapsed time: 890 seconds (0d 0h 14m 50s)

